<?xml version="1.0" encoding="UTF-8"?>
<testsuite xmlns:xsi="http://www.w3.org/2001/XMLSchema-instance" xsi:noNamespaceSchemaLocation="https://maven.apache.org/surefire/maven-surefire-plugin/xsd/surefire-test-report.xsd" version="3.0.2" name="September.MavenSeptember2024.LoanTest" time="0.011" tests="1" errors="0" skipped="0" failures="0">
  <properties>
[...]
</properties>
  <testcase name="loanTest1" classname="September.MavenSeptember2024.LoanTest" time="0.005">
    <system-out><![CDATA[This is LOAN TEST !
]]></system-out>
  </testcase>
</testsuite>